[debug] [2020-06-03T15:27:57.565Z] ----------------------------------------------------------------------
[debug] [2020-06-03T15:27:57.567Z] Command:       /Users/pablomassad/.nvm/versions/node/v12.13.0/bin/node /Users/pablomassad/.nvm/versions/node/v12.13.0/bin/firebase deploy --only functions
[debug] [2020-06-03T15:27:57.567Z] CLI Version:   7.14.0
[debug] [2020-06-03T15:27:57.567Z] Platform:      darwin
[debug] [2020-06-03T15:27:57.567Z] Node Version:  v12.13.0
[debug] [2020-06-03T15:27:57.574Z] Time:          Wed Jun 03 2020 12:27:57 GMT-0300 (Argentina Standard Time)
[debug] [2020-06-03T15:27:57.574Z] ----------------------------------------------------------------------
[debug] [2020-06-03T15:27:57.574Z] 
[debug] [2020-06-03T15:27:57.585Z] > command requires scopes: ["email","openid","https://www.googleapis.com/auth/cloudplatformprojects.readonly","https://www.googleapis.com/auth/firebase","https://www.googleapis.com/auth/cloud-platform"]
[debug] [2020-06-03T15:27:57.586Z] > authorizing via signed-in user
[debug] [2020-06-03T15:27:57.586Z] [iam] checking project pp-integralmente for permissions ["cloudfunctions.functions.create","cloudfunctions.functions.delete","cloudfunctions.functions.get","cloudfunctions.functions.list","cloudfunctions.functions.update","cloudfunctions.operations.get","firebase.projects.get"]
[debug] [2020-06-03T15:27:57.587Z] > refreshing access token with scopes: ["email","https://www.googleapis.com/auth/cloud-platform","https://www.googleapis.com/auth/cloudplatformprojects.readonly","https://www.googleapis.com/auth/firebase","openid"]
[debug] [2020-06-03T15:27:57.587Z] >>> HTTP REQUEST POST https://www.googleapis.com/oauth2/v3/token  
 <request body omitted>
[debug] [2020-06-03T15:27:57.940Z] <<< HTTP RESPONSE 200
[debug] [2020-06-03T15:27:57.959Z] >>> HTTP REQUEST POST https://cloudresourcemanager.googleapis.com/v1/projects/pp-integralmente:testIamPermissions  

[debug] [2020-06-03T15:27:59.151Z] <<< HTTP RESPONSE 200
[info] 
[info] === Deploying to 'pp-integralmente'...
[info] 
[info] i  deploying functions
[debug] [2020-06-03T15:28:01.394Z] > [functions] package.json contents: {
  "name": "functions",
  "description": "Cloud Functions for Firebase",
  "scripts": {
    "serve": "firebase emulators:start --only functions",
    "shell": "firebase functions:shell",
    "start": "npm run shell",
    "deploy": "firebase deploy --only functions",
    "logs": "firebase functions:log"
  },
  "engines": {
    "node": "8"
  },
  "dependencies": {
    "firebase-admin": "^8.6.0",
    "firebase-functions": "^3.3.0",
    "moment": "^2.26.0"
  },
  "devDependencies": {
    "firebase-functions-test": "^0.1.6"
  },
  "private": true
}
[info] i  functions: ensuring necessary APIs are enabled...
[debug] [2020-06-03T15:28:01.395Z] >>> HTTP REQUEST GET https://serviceusage.googleapis.com/v1/projects/pp-integralmente/services/cloudfunctions.googleapis.com  
 
[debug] [2020-06-03T15:28:01.396Z] >>> HTTP REQUEST GET https://serviceusage.googleapis.com/v1/projects/pp-integralmente/services/runtimeconfig.googleapis.com  
 
[debug] [2020-06-03T15:28:02.610Z] <<< HTTP RESPONSE 200
[debug] [2020-06-03T15:28:02.672Z] <<< HTTP RESPONSE 200
[info] ✔  functions: all necessary APIs are enabled
[debug] [2020-06-03T15:28:02.673Z] >>> HTTP REQUEST GET https://firebase.googleapis.com/v1beta1/projects/pp-integralmente/adminSdkConfig  
 
[debug] [2020-06-03T15:28:03.971Z] <<< HTTP RESPONSE 200
[info] i  functions: preparing functions directory for uploading...
[debug] [2020-06-03T15:28:03.973Z] >>> HTTP REQUEST GET https://runtimeconfig.googleapis.com/v1beta1/projects/pp-integralmente/configs  
 
[debug] [2020-06-03T15:28:05.271Z] <<< HTTP RESPONSE 200
[info] i  functions: packaged functions (29.43 KB) for uploading
[debug] [2020-06-03T15:28:06.087Z] >>> HTTP REQUEST POST https://cloudfunctions.googleapis.com/v1/projects/pp-integralmente/locations/us-central1/functions:generateUploadUrl  
 
[debug] [2020-06-03T15:28:07.800Z] <<< HTTP RESPONSE 200
[debug] [2020-06-03T15:28:07.801Z] >>> HTTP REQUEST PUT https://storage.googleapis.com/gcf-upload-us-central1-574d7476-6f7c-4b6b-9e60-a5f57b0383d7/ca36075b-775b-4942-b104-db67e4f1c708.zip?GoogleAccessId=service-857389537904@gcf-admin-robot.iam.gserviceaccount.com&Expires=1591199887&Signature=NIW0XH1po9ZPFRYWleMoywq8M4sd0Wr%2Fm7t8ho9KEW7YJZogVV%2Bk3k0bcnaNJc7YIPrPGhMUFvAOe3pA8LKucqfhnrbq%2BtNnyX%2FAQ%2BhNAwAJ4WTlZnTFb%2FDv0ezNMSdR1jXImi0qkMaUpbQ423BVxLjzek3Q0wfkJuOwRDr5KXv%2FfoRVzI8FvAAa7c66QTFjmsl35EDDg3ytIjQBHiCnc18xckQfc7JQ63AWXez9AJsPFXNZPawuiQGZzFUVZ5WoS7vxVhNXEzWpWoKWGOMIUgv7Gfr1cDH%2F4V%2BYxkh%2Bf1q2FCSKvdB7g%2FjxAFIXDWUqytts83ruPeXqluznXXZQdA%3D%3D  
 <request body omitted>
[debug] [2020-06-03T15:28:08.483Z] <<< HTTP RESPONSE 200
[info] ✔  functions: functions folder uploaded successfully
[debug] [2020-06-03T15:28:08.487Z] >>> HTTP REQUEST GET https://cloudfunctions.googleapis.com/v1/projects/pp-integralmente/locations/-/functions  
 
