[debug] [2020-06-06T20:04:17.977Z] ----------------------------------------------------------------------
[debug] [2020-06-06T20:04:17.979Z] Command:       /Users/pablomassad/.nvm/versions/node/v12.13.0/bin/node /Users/pablomassad/.nvm/versions/node/v12.13.0/bin/firebase deploy
[debug] [2020-06-06T20:04:17.979Z] CLI Version:   7.14.0
[debug] [2020-06-06T20:04:17.979Z] Platform:      darwin
[debug] [2020-06-06T20:04:17.979Z] Node Version:  v12.13.0
[debug] [2020-06-06T20:04:17.980Z] Time:          Sat Jun 06 2020 17:04:17 GMT-0300 (Argentina Standard Time)
[debug] [2020-06-06T20:04:17.980Z] ----------------------------------------------------------------------
[debug] [2020-06-06T20:04:17.980Z] 
[debug] [2020-06-06T20:04:18.029Z] > command requires scopes: ["email","openid","https://www.googleapis.com/auth/cloudplatformprojects.readonly","https://www.googleapis.com/auth/firebase","https://www.googleapis.com/auth/cloud-platform"]
[debug] [2020-06-06T20:04:18.029Z] > authorizing via signed-in user
[debug] [2020-06-06T20:04:18.030Z] [iam] checking project pp-integralmente for permissions ["cloudfunctions.functions.create","cloudfunctions.functions.delete","cloudfunctions.functions.get","cloudfunctions.functions.list","cloudfunctions.functions.update","cloudfunctions.operations.get","firebase.projects.get","firebasehosting.sites.update"]
[debug] [2020-06-06T20:04:18.031Z] >>> HTTP REQUEST POST https://cloudresourcemanager.googleapis.com/v1/projects/pp-integralmente:testIamPermissions  

[debug] [2020-06-06T20:04:19.428Z] <<< HTTP RESPONSE 200
[debug] [2020-06-06T20:04:19.430Z] >>> HTTP REQUEST GET https://firebase.googleapis.com/v1beta1/projects/pp-integralmente  
 
[debug] [2020-06-06T20:04:20.683Z] <<< HTTP RESPONSE 200
[info] 
[info] === Deploying to 'pp-integralmente'...
[info] 
[info] i  deploying functions, hosting
[debug] [2020-06-06T20:04:23.334Z] > [functions] package.json contents: {
  "name": "functions",
  "description": "Cloud Functions for Firebase",
  "scripts": {
    "serve": "firebase emulators:start --only functions",
    "shell": "firebase functions:shell",
    "start": "npm run shell",
    "deploy": "firebase deploy --only functions",
    "logs": "firebase functions:log"
  },
  "engines": {
    "node": "8"
  },
  "dependencies": {
    "firebase-admin": "^8.6.0",
    "firebase-functions": "^3.3.0",
    "moment": "^2.26.0"
  },
  "devDependencies": {
    "firebase-functions-test": "^0.1.6"
  },
  "private": true
}
[info] i  functions: ensuring necessary APIs are enabled...
[debug] [2020-06-06T20:04:23.335Z] >>> HTTP REQUEST GET https://serviceusage.googleapis.com/v1/projects/pp-integralmente/services/cloudfunctions.googleapis.com  
 
[debug] [2020-06-06T20:04:23.335Z] >>> HTTP REQUEST GET https://serviceusage.googleapis.com/v1/projects/pp-integralmente/services/runtimeconfig.googleapis.com  
 
